<?xml version="1.0" encoding="UTF-8"?>
<!-- Generated by org.testng.reporters.JUnitReportReporter -->
<testsuite hostname="LAPTOP-NAINA" failures="0" tests="2" name="TestNG.Chp3.Annotations.BM_BC_OrangeHRM" time="4.661" errors="0" timestamp="2025-02-20T00:18:03 IST" skipped="0">
  <testcase classname="TestNG.Chp3.Annotations.BM_BC_OrangeHRM" name="userSearch" time="3.775"/>
  <testcase classname="TestNG.Chp3.Annotations.BM_BC_OrangeHRM" name="signIn" time="0.886"/>
</testsuite> <!-- TestNG.Chp3.Annotations.BM_BC_OrangeHRM -->
