<?xml version="1.0" encoding="UTF-8"?>
<!-- Generated by org.testng.reporters.JUnitReportReporter -->
<testsuite hostname="LAPTOP-NAINA" failures="0" tests="2" name="TestNG.Chp3.TestNG.Chp3.Annotations.Configuration_Annotations" time="0.010" errors="0" timestamp="2025-02-19T02:00:10 IST" skipped="0">
  <testcase classname="TestNG.Chp3.TestNG.Chp3.Annotations.Configuration_Annotations" name="searchCustomer" time="0.009"/>
  <testcase classname="TestNG.Chp3.TestNG.Chp3.Annotations.Configuration_Annotations" name="searchProduct" time="0.001"/>
</testsuite> <!-- TestNG.Chp3.TestNG.Chp3.Annotations.Configuration_Annotations -->
